called
called
called
core
core
reader
reader
core
printing: reader
core
printing: reader
core
printing: reader
not api
core
printing: api
not api
reader
printing: api
not api
reader
printing: api
sizeof ok
not api
core
sizeof ok
args[0] == api
array shift === api
not api
reader
is api
reader
reader
reader
loading view: /var/www/html/simplemvc/app/Modules/core/views/index.php
module: reader
action: index
reader
loading view: /var/www/html/simplemvc/app/Modules/core/views/index.php
module: reader
action: index
reader
module: reader
action: index
reader
loading view: /var/www/html/simplemvc/app/Modules/reader/views/index.php
module: reader
action: index
reader
loading view: /var/www/html/simplemvc/app/Modules/reader/views/index.php
module: reader
action: index
reader
loading view: /var/www/html/simplemvc/app/Modules/reader/views/index.php
module: reader
action: index
reader
loading view: /var/www/html/simplemvc/app/Modules/reader/views/index.php
module: reader
action: index
reader
loading view: /var/www/html/simplemvc/app/Modules/reader/views/index.php
module: reader
action: index
reader
loading view: /var/www/html/simplemvc/app/Modules/reader/views/index.php
module: reader
action: index
reader
loading view: /var/www/html/simplemvc/app/Modules/reader/views/index.php
module: reader
action: index
reader
loading view: /var/www/html/simplemvc/app/Modules/reader/views/index.php
module: reader
action: index
reader
loading view: /var/www/html/simplemvc/app/Modules/reader/views/index.php
module: reader
action: index
reader
loading view: /var/www/html/simplemvc/app/Modules/reader/views/index.php
module: reader
action: index
reader
loading view: /var/www/html/simplemvc/app/Modules/reader/views/index.php
module: reader
action: index
reader
loading view: /var/www/html/simplemvc/app/Modules/reader/views/index.php
module: reader
action: index
reader
loading view: /var/www/html/simplemvc/app/Modules/reader/views/index.php
module: reader
action: index
reader
loading view: /var/www/html/simplemvc/app/Modules/reader/views/index.php
module: reader
action: index
reader
loading view: /var/www/html/simplemvc/app/Modules/reader/views/index.php
module: reader
action: index
reader
loading view: /var/www/html/simplemvc/app/Modules/reader/views/index.php
module: reader
action: index
reader
loading view: /var/www/html/simplemvc/app/Modules/reader/views/index.php
module: reader
action: index
reader
loading view: /var/www/html/simplemvc/app/Modules/reader/views/index.php
module: reader
action: index
reader
loading view: /var/www/html/simplemvc/app/Modules/reader/views/index.php
module: reader
action: index
reader
loading view: /var/www/html/simplemvc/app/Modules/reader/views/index.php
module: reader
action: index
reader
loading view: /var/www/html/simplemvc/app/Modules/reader/views/index.php
module: reader
action: index
reader
loading view: /var/www/html/simplemvc/app/Modules/reader/views/index.php
module: reader
action: index
reader
loading view: /var/www/html/simplemvc/app/Modules/reader/views/index.php
module: reader
action: index
reader
loading view: /var/www/html/simplemvc/app/Modules/reader/views/index.php
module: reader
action: index
reader
loading view: /var/www/html/simplemvc/app/Modules/reader/views/index.php
module: reader
action: index
reader
loading view: /var/www/html/simplemvc/app/Modules/reader/views/index.php
module: reader
action: index
reader
loading view: /var/www/html/simplemvc/app/Modules/reader/views/index.php
